Base path: C:/Program Files (x86)/Unity/Editor/Data
Pipe name: \\.\pipe\UnityShaderCompiler-1-3596
Cmd: getPlatforms
Cmd: preprocess
  insize=1140 outsize=283 ok=1
Cmd: preprocess
  insize=4636 outsize=1077 ok=1
Cmd: preprocess
  insize=3322 outsize=825 ok=1
Cmd: preprocess
  insize=846 outsize=406 ok=1
Cmd: preprocess
  insize=4445 outsize=999 ok=1
Cmd: preprocess
  insize=1028 outsize=505 ok=1
Cmd: preprocess
  insize=1066 outsize=473 ok=1
Cmd: preprocess
  insize=3233 outsize=825 ok=1
Cmd: preprocess
  insize=899 outsize=381 ok=1
Cmd: preprocess
  insize=1056 outsize=463 ok=1
Cmd: preprocess
  insize=1035 outsize=482 ok=1
Cmd: preprocess
  insize=1105 outsize=457 ok=1
Cmd: preprocess
  insize=923 outsize=435 ok=1
